----------------------|-----------|-----------|-----------|-----------|
File                  |   % Stmts |% Branches |   % Funcs |   % Lines |
----------------------|-----------|-----------|-----------|-----------|
   lib/               |       100 |       100 |       100 |       100 |
      bagofrequest.js |       100 |       100 |       100 |       100 |
----------------------|-----------|-----------|-----------|-----------|
All files             |       100 |       100 |       100 |       100 |
----------------------|-----------|-----------|-----------|-----------|
