TN:
SF:/Users/cliffano/dev/workspace/bagofrequest/lib/bagofrequest.js
FN:26,req
FN:55,(anonymous_2)
FN:63,(anonymous_3)
FN:68,_requestMethod
FN:76,(anonymous_5)
FN:96,_execRequest
FN:119,does
FN:120,(anonymous_8)
FN:139,check
FN:143,done
FN:156,_wildcardMatch
FN:158,(anonymous_12)
FN:180,proxy
FN:202,_proxyIgnored
FNF:14
FNH:14
FNDA:27,req
FNDA:135,(anonymous_2)
FNDA:1,(anonymous_3)
FNDA:27,_requestMethod
FNDA:27,(anonymous_5)
FNDA:27,_execRequest
FNDA:78,does
FNDA:78,(anonymous_8)
FNDA:73,check
FNDA:27,done
FNDA:93,_wildcardMatch
FNDA:180,(anonymous_12)
FNDA:52,proxy
FNDA:72,_proxyIgnored
DA:1,1
DA:26,1
DA:27,27
DA:28,27
DA:30,27
DA:32,27
DA:41,27
DA:42,25
DA:43,6
DA:44,19
DA:45,2
DA:50,27
DA:51,6
DA:55,27
DA:56,135
DA:57,2
DA:62,27
DA:63,1
DA:64,1
DA:68,1
DA:69,27
DA:70,27
DA:71,1
DA:73,27
DA:76,27
DA:77,27
DA:78,5
DA:79,4
DA:81,1
DA:84,22
DA:85,22
DA:86,14
DA:87,8
DA:88,2
DA:90,6
DA:96,1
DA:97,27
DA:105,27
DA:117,27
DA:119,1
DA:120,78
DA:122,78
DA:125,78
DA:126,78
DA:128,78
DA:130,78
DA:131,51
DA:132,51
DA:134,27
DA:139,1
DA:140,73
DA:143,1
DA:144,27
DA:145,27
DA:149,27
DA:152,27
DA:156,1
DA:157,93
DA:158,93
DA:159,180
DA:160,180
DA:161,69
DA:164,93
DA:180,1
DA:181,52
DA:183,52
DA:185,52
DA:186,7
DA:187,45
DA:188,38
DA:189,3
DA:192,38
DA:193,4
DA:195,34
DA:199,52
DA:202,1
DA:203,72
DA:204,72
DA:207,1
DA:208,1
LF:80
LH:80
BRDA:27,1,0,27
BRDA:27,1,1,7
BRDA:28,2,0,27
BRDA:28,2,1,17
BRDA:36,3,0,27
BRDA:36,3,1,26
BRDA:41,4,0,25
BRDA:41,4,1,2
BRDA:42,5,0,6
BRDA:42,5,1,19
BRDA:44,6,0,2
BRDA:44,6,1,17
BRDA:50,7,0,6
BRDA:50,7,1,21
BRDA:56,8,0,2
BRDA:56,8,1,133
BRDA:62,9,0,1
BRDA:62,9,1,26
BRDA:70,10,0,1
BRDA:70,10,1,26
BRDA:77,11,0,5
BRDA:77,11,1,22
BRDA:78,12,0,4
BRDA:78,12,1,1
BRDA:85,13,0,14
BRDA:85,13,1,8
BRDA:87,14,0,2
BRDA:87,14,1,6
BRDA:107,15,0,4
BRDA:107,15,1,23
BRDA:110,16,0,23
BRDA:110,16,1,20
BRDA:111,17,0,23
BRDA:111,17,1,17
BRDA:112,18,0,6
BRDA:112,18,1,17
BRDA:113,19,0,6
BRDA:113,19,1,17
BRDA:114,20,0,6
BRDA:114,20,1,17
BRDA:122,21,0,78
BRDA:122,21,1,7
BRDA:122,21,2,5
BRDA:122,21,3,5
BRDA:123,22,0,78
BRDA:123,22,1,71
BRDA:128,23,0,78
BRDA:128,23,1,61
BRDA:128,23,2,55
BRDA:128,23,3,53
BRDA:130,24,0,51
BRDA:130,24,1,27
BRDA:144,25,0,27
BRDA:144,25,1,5
BRDA:160,26,0,69
BRDA:160,26,1,111
BRDA:160,27,0,180
BRDA:160,27,1,167
BRDA:181,28,0,52
BRDA:181,28,1,49
BRDA:185,29,0,7
BRDA:185,29,1,45
BRDA:186,30,0,7
BRDA:186,30,1,5
BRDA:186,30,2,4
BRDA:186,30,3,3
BRDA:187,31,0,38
BRDA:187,31,1,7
BRDA:188,32,0,3
BRDA:188,32,1,35
BRDA:192,33,0,4
BRDA:192,33,1,34
BRDA:193,34,0,4
BRDA:193,34,1,3
BRDA:193,34,2,2
BRDA:193,34,3,1
BRDA:195,35,0,34
BRDA:195,35,1,29
BRDA:204,36,0,72
BRDA:204,36,1,68
BRF:80
BRH:80
end_of_record
